11
Wed Nov 23 00:26:17 1994
12
Wed Nov 23 00:26:24 1994
129
Wed Nov 23 09:44:46 1994
130
Wed Nov 23 10:29:34 1994
131
Wed Nov 23 17:51:07 1994
132
Mon Nov 28 22:20:31 1994
133
Thu Dec 01 15:06:23 1994
134
Thu Dec 01 15:07:14 1994
135
Thu Dec 01 15:27:49 1994
136
Thu Dec 01 15:31:33 1994
137
Thu Dec 01 15:32:37 1994
138
Tue Jan 03 09:58:05 1995
139
Tue Jan 03 10:03:43 1995
140
Tue Jan 03 10:09:09 1995
141
Tue Jan 03 10:11:06 1995
142
Tue Jan 03 10:15:47 1995
143
Tue Jan 03 10:17:01 1995
144
Tue Jan 03 10:21:55 1995
145
Tue Jan 03 10:22:39 1995
146
Sun Jan 08 00:18:42 1995
147
Sun Jan 08 00:19:02 1995
148
Sun Jan 08 00:34:53 1995
149
Sun Jan 08 00:44:43 1995
150
Sun Jan 08 00:47:54 1995
151
Sun Jan 08 00:50:38 1995
152
Sun Jan 08 00:53:01 1995
153
Sun Jan 08 00:57:29 1995
154
Sun Jan 08 01:04:15 1995
155
Sun Jan 08 01:05:28 1995
156
Sun Jan 08 01:08:14 1995
157
Sun Jan 08 01:09:49 1995
158
Sun Jan 08 18:03:24 1995
159
Sun Jan 08 18:07:20 1995
160
Sun Jan 08 18:13:05 1995
161
Tue Jan 10 08:03:10 1995
162
Tue Jan 10 08:14:46 1995
163
Thu Jan 12 08:12:36 1995
164
Fri Jan 13 08:10:43 1995
165
Fri Jan 13 08:17:31 1995
166
Fri Jan 13 12:04:47 1995
167
Sat Jan 14 11:45:39 1995
168
Sat Jan 14 11:55:32 1995
169
Sat Jan 14 12:04:27 1995
170
Sat Jan 14 12:04:40 1995
171
Sat Jan 14 12:04:57 1995
172
Sat Jan 14 12:07:14 1995
173
Sat Jan 14 12:07:54 1995
174
Sat Jan 14 12:11:09 1995
175
Sat Jan 14 12:12:21 1995
176
Sat Jan 14 12:13:42 1995
177
Sat Jan 14 12:14:34 1995
178
Sat Jan 14 12:19:40 1995
179
Sat Jan 14 12:20:26 1995
180
Sat Jan 14 12:21:15 1995
181
Sat Jan 14 12:27:47 1995
182
Sat Jan 14 20:30:31 1995
183
Sat Jan 14 20:31:01 1995
184
Sat Jan 14 20:36:11 1995
185
Sat Jan 14 20:41:23 1995
186
Sat Jan 14 20:42:21 1995
187
Sat Jan 14 20:44:32 1995
188
Sat Jan 14 20:45:17 1995
189
Sat Jan 14 20:46:46 1995
190
Sat Jan 14 20:48:24 1995
191
Sat Jan 14 20:50:08 1995
192
Sat Jan 14 20:50:42 1995
193
Sat Jan 14 20:53:09 1995
194
Sat Jan 14 21:04:43 1995
195
Sat Jan 14 21:09:41 1995
196
Sat Jan 14 21:16:23 1995
197
Sat Jan 14 21:18:19 1995
198
Sat Jan 14 21:18:45 1995
199
Sat Jan 14 21:39:50 1995
200
Mon Jan 16 23:00:43 1995
201
Sun Jan 22 12:04:08 1995
202
Sat Feb 04 22:26:42 1995
203
Sat Feb 04 22:42:40 1995
204
Fri Mar 10 19:37:14 1995
205
Sat Jun 10 23:10:05 1995
206
Sun Jun 11 09:02:51 1995
207
Tue Jun 13 11:58:28 1995
208
Tue Jun 13 12:01:31 1995
209
Tue Jun 13 12:06:12 1995
210
Tue Jun 13 12:09:42 1995
211
Tue Jun 13 12:21:50 1995
212
Tue Jun 13 12:22:09 1995
213
Tue Jun 13 12:26:52 1995
214
Tue Jun 13 12:29:07 1995
215
Sat Jun 24 20:10:08 1995
216
Sat Jun 24 20:13:42 1995
217
Sat Jun 24 20:19:32 1995
218
Sat Jun 24 20:21:57 1995
219
Sat Jun 24 20:25:27 1995
220
Sat Jun 24 20:26:34 1995
221
Sat Jun 24 20:28:55 1995
222
Wed Aug 02 18:42:19 1995
